<?xml version="1.0" encoding="UTF-8"?>
<!-- Generated by org.testng.reporters.JUnitReportReporter -->
<testsuite skipped="0" hostname="D-284000547" name="annotations.TestAnnotation" tests="3" failures="0" timestamp="29 Jan 2019 07:02:09 GMT" time="0.000" errors="0">
  <testcase name="testCase1" time="0.000" classname="annotations.TestAnnotation"/>
  <testcase name="testCase2" time="0.000" classname="annotations.TestAnnotation"/>
  <testcase name="testCase3" time="0.000" classname="annotations.TestAnnotation"/>
</testsuite> <!-- annotations.TestAnnotation -->
